<?xml version="1.0" encoding="UTF-8"?>
<!-- Generated by org.testng.reporters.JUnitReportReporter -->
<testsuite hostname="RavikumarPC" failures="0" tests="2" name="ravikumaracademy.tests.SubmitOrder" time="34.282" errors="0" timestamp="2023-02-16T22:54:12 IST" skipped="0">
  <testcase classname="ravikumaracademy.tests.SubmitOrder" name="submitOrder" time="10.643"/>
  <system-out/>
  <testcase classname="ravikumaracademy.tests.SubmitOrder" name="submitOrder" time="23.639"/>
  <system-out/>
</testsuite> <!-- ravikumaracademy.tests.SubmitOrder -->
