<?xml version="1.0" encoding="UTF-8"?>
<!-- Generated by org.testng.reporters.JUnitReportReporter -->
<testsuite hostname="RavikumarPC" failures="0" tests="2" name="Cucumber.TestNGTestRunner" time="5.907" errors="2" timestamp="2023-02-18T22:34:55 IST" skipped="0">
  <testcase classname="Cucumber.TestNGTestRunner" name="runScenario" time="3.239">
    <error message="Cannot invoke &quot;ravikumaracademy.PageObjects.LandingPage.loginApplication(String, String)&quot; because &quot;this.landingpage&quot; is null" type="java.lang.NullPointerException">
      <![CDATA[java.lang.NullPointerException: Cannot invoke "ravikumaracademy.PageObjects.LandingPage.loginApplication(String, String)" because "this.landingpage" is null
at ravikumaracademy.stepDefinition.StepDefinitionImpl.logged_in_username_and_password(StepDefinitionImpl.java:30)
at ✽.Logged in with username cravi.ravikumar1@gmail.com and passwordRavi@5694(file:///E:/Eclipseworkspace/SelFramework1/src/test/java/Cucumber/Submit.feature:13)
]]>
    </error>
  </testcase> <!-- runScenario -->
  <system-out/>
  <testcase classname="Cucumber.TestNGTestRunner" name="runScenario" time="2.668">
    <error message="Cannot invoke &quot;ravikumaracademy.PageObjects.LandingPage.loginApplication(String, String)&quot; because &quot;this.landingpage&quot; is null" type="java.lang.NullPointerException">
      <![CDATA[java.lang.NullPointerException: Cannot invoke "ravikumaracademy.PageObjects.LandingPage.loginApplication(String, String)" because "this.landingpage" is null
at ravikumaracademy.stepDefinition.StepDefinitionImpl.logged_in_username_and_password(StepDefinitionImpl.java:30)
at ✽.Logged in with username anshika@gmail.com and passwordIamking@000(file:///E:/Eclipseworkspace/SelFramework1/src/test/java/Cucumber/Submit.feature:13)
]]>
    </error>
  </testcase> <!-- runScenario -->
  <system-out/>
</testsuite> <!-- Cucumber.TestNGTestRunner -->
