<?xml version="1.0" encoding="UTF-8"?>
<!-- Generated by org.testng.reporters.JUnitReportReporter -->
<testsuite hostname="RavikumarPC" failures="0" tests="3" name="ravikumaracademy.tests.SubmitOrder2" time="52.710" errors="0" timestamp="2023-02-17T11:53:28 IST" skipped="0">
  <testcase classname="ravikumaracademy.tests.SubmitOrder2" name="submitOrder" time="23.517"/>
  <system-out/>
  <testcase classname="ravikumaracademy.tests.SubmitOrder2" name="orderHistoryPage" time="5.059"/>
  <system-out/>
  <testcase classname="ravikumaracademy.tests.SubmitOrder2" name="submitOrder" time="24.134"/>
  <system-out/>
</testsuite> <!-- ravikumaracademy.tests.SubmitOrder2 -->
