<?xml version="1.0" encoding="UTF-8"?>
<!-- Generated by org.testng.reporters.JUnitReportReporter -->
<testsuite hostname="RavikumarPC" failures="0" tests="3" name="ravikumaracademy.tests.SubmitOrder2" time="38.064" errors="0" timestamp="2023-02-22T22:32:27 IST" skipped="0">
  <testcase classname="ravikumaracademy.tests.SubmitOrder2" name="orderHistoryPage" time="5.266"/>
  <system-out/>
  <testcase classname="ravikumaracademy.tests.SubmitOrder2" name="submitOrder" time="22.652"/>
  <system-out/>
  <testcase classname="ravikumaracademy.tests.SubmitOrder2" name="submitOrder" time="10.146"/>
  <system-out/>
</testsuite> <!-- ravikumaracademy.tests.SubmitOrder2 -->
