<?xml version="1.0" encoding="UTF-8"?>
<!-- Generated by org.testng.reporters.JUnitReportReporter -->
<testsuite hostname="RavikumarPC" failures="0" tests="2" name="ravikumaracademy.tests.SubmitOrder" time="107.206" errors="0" timestamp="2023-02-18T21:51:53 IST" skipped="0">
  <testcase classname="ravikumaracademy.tests.SubmitOrder" name="submitOrder" time="83.397"/>
  <system-out/>
  <testcase classname="ravikumaracademy.tests.SubmitOrder" name="submitOrder" time="23.809"/>
  <system-out/>
</testsuite> <!-- ravikumaracademy.tests.SubmitOrder -->
